This is XeTeX, Version 3.14159265-2.6-0.99992 (MiKTeX 2.9 64-bit) (preloaded format=xelatex 2016.3.17)  13 MAY 2016 11:06
entering extended mode
**sig-alternate-sample.tex
(sig-alternate-sample.tex
LaTeX2e <2015/01/01> patch level 2
Babel <3.9m> and hyphenation patterns for 69 languages loaded.
(sig-alternate-05-2015.cls (D:\software\MikTex1\tex\latex\graphics\epsfig.sty
Package: epsfig 1999/02/16 v1.7a (e)psfig emulation (SPQR)

(D:\software\MikTex1\tex\latex\graphics\graphicx.sty
Package: graphicx 2014/10/28 v1.0g Enhanced LaTeX Graphics (DPC,SPQR)

(D:\software\MikTex1\tex\latex\graphics\keyval.sty
Package: keyval 2014/10/28 v1.15 key=value parser (DPC)
\KV@toks@=\toks14
)
(D:\software\MikTex1\tex\latex\graphics\graphics.sty
Package: graphics 2014/10/28 v1.0p Standard LaTeX Graphics (DPC,SPQR)

(D:\software\MikTex1\tex\latex\graphics\trig.sty
Package: trig 1999/03/16 v1.09 sin cos tan (DPC)
)
(D:\software\MikTex1\tex\latex\00miktex\graphics.cfg
File: graphics.cfg 2007/01/18 v1.5 graphics configuration of teTeX/TeXLive
)
Package graphics Info: Driver file: xetex.def on input line 94.

(D:\software\MikTex1\tex\xelatex\xetex-def\xetex.def
File: xetex.def 2015/09/11 v4.06 LaTeX color/graphics driver for XeTeX (TeX Liv
e/RRM/JK)

(D:\software\MikTex1\tex\generic\oberdiek\infwarerr.sty
Package: infwarerr 2010/04/08 v1.3 Providing info/warning/error messages (HO)
)
(D:\software\MikTex1\tex\generic\oberdiek\ltxcmds.sty
Package: ltxcmds 2011/11/09 v1.22 LaTeX kernel commands for general use (HO)
)))
\Gin@req@height=\dimen102
\Gin@req@width=\dimen103
)
\epsfxsize=\dimen104
\epsfysize=\dimen105
)
(D:\software\MikTex1\tex\latex\amsfonts\amssymb.sty
Package: amssymb 2013/01/14 v3.01 AMS font symbols

(D:\software\MikTex1\tex\latex\amsfonts\amsfonts.sty
Package: amsfonts 2013/01/14 v3.01 Basic AMSFonts support
\@emptytoks=\toks15
\symAMSa=\mathgroup4
\symAMSb=\mathgroup5
LaTeX Font Info:    Overwriting math alphabet `\mathfrak' in version `bold'
(Font)                  U/euf/m/n --> U/euf/b/n on input line 106.
))
(D:\software\MikTex1\tex\latex\amsmath\amsmath.sty
Package: amsmath 2013/01/14 v2.14 AMS math features
\@mathmargin=\skip41

For additional information on amsmath, use the `?' option.
(D:\software\MikTex1\tex\latex\amsmath\amstext.sty
Package: amstext 2000/06/29 v2.01

(D:\software\MikTex1\tex\latex\amsmath\amsgen.sty
File: amsgen.sty 1999/11/30 v2.0
\@emptytoks=\toks16
\ex@=\dimen106
))
(D:\software\MikTex1\tex\latex\amsmath\amsbsy.sty
Package: amsbsy 1999/11/29 v1.2d
\pmbraise@=\dimen107
)
(D:\software\MikTex1\tex\latex\amsmath\amsopn.sty
Package: amsopn 1999/12/14 v2.01 operator names
)
\inf@bad=\count80
LaTeX Info: Redefining \frac on input line 210.
\uproot@=\count81
\leftroot@=\count82
LaTeX Info: Redefining \overline on input line 306.
\classnum@=\count83
\DOTSCASE@=\count84
LaTeX Info: Redefining \ldots on input line 378.
LaTeX Info: Redefining \dots on input line 381.
LaTeX Info: Redefining \cdots on input line 466.
\Mathstrutbox@=\box26
\strutbox@=\box27
\big@size=\dimen108
LaTeX Font Info:    Redeclaring font encoding OML on input line 566.
LaTeX Font Info:    Redeclaring font encoding OMS on input line 567.
\macc@depth=\count85
\c@MaxMatrixCols=\count86
\dotsspace@=\muskip10
\c@parentequation=\count87
\dspbrk@lvl=\count88
\tag@help=\toks17
\row@=\count89
\column@=\count90
\maxfields@=\count91
\andhelp@=\toks18
\eqnshift@=\dimen109
\alignsep@=\dimen110
\tagshift@=\dimen111
\tagwidth@=\dimen112
\totwidth@=\dimen113
\lineht@=\dimen114
\@envbody=\toks19
\multlinegap=\skip42
\multlinetaggap=\skip43
\mathdisplay@stack=\toks20
LaTeX Info: Redefining \[ on input line 2665.
LaTeX Info: Redefining \] on input line 2666.
)
Document Class 'sig-alternate' <9th June '13>. Modified by G.K.M. Tobin/Gerry M
urray/Boris Veytsman
Based in part upon document Style `acmconf' <22 May 89>. Hacked 4/91 by
shivers@cs.cmu.edu, 4/93 by theobald@cs.mcgill.ca
Excerpts were taken from (Journal Style) 'esub2acm.cls'.
****** Bugs/comments/suggestions/technicalities to Gerry Murray -- murray@hq.ac
m.org ******
Questions on the style, SIGS policies, etc. to Adrienne Griscti griscti@acm.org

\ACM@basesize=\count92
(D:\software\MikTex1\tex\latex\comment\comment.sty
\CommentStream=\write3
 Excluding comment 'comment') Excluding comment 'CCSXML'
\footheight=\dimen115
\@maxsep=\dimen116
\@dblmaxsep=\dimen117
 (D:\software\MikTex1\tex\generic\oberdiek\ifpdf.sty
Package: ifpdf 2011/01/30 v2.3 Provides the ifpdf switch (HO)
Package ifpdf Info: pdfTeX in PDF mode is not detected.
)
\aucount=\count93
\originalaucount=\count94
\auwidth=\dimen118
\auskip=\dimen119
\auskipcount=\count95
\auskip=\dimen120
\allauboxes=\dimen121
\addauthors=\toks21
\addauflag=\count96
\subtitletext=\toks22
Requested font "ptmb8t" at 12.0pt
Requested font "ptmbi8t" at 12.0pt
Requested font "ptmri8t" at 11.0pt
Requested font "ptmbi8t" at 11.0pt
Requested font "phvb8t" at 18.0pt
Requested font "phvbo8t" at 18.0pt
Requested font "phvr8t" at 14.0pt
Requested font "phvro8t" at 14.0pt
Requested font "phvb8t" at 14.0pt
Requested font "phvr8t" at 12.0pt
Requested font "phvro8t" at 12.0pt
Requested font "phvr8t" at 10.0pt
Requested font "phvro8t" at 10.0pt
Requested font "ptmr8t" at 9.0pt
Requested font "ptmri8t" at 8.0pt
Requested font "ptmr8t" at 8.0pt
\savesection=\count97
\sectioncntr=\count98
\c@figure=\count99
\c@table=\count100
\titleboxnotes=\toks23
\titleboxnoteflag=\count101


LaTeX Warning: You have requested document class `sig-alternate-05-2015',
               but the document class provides `sig-alternate'.

Document Class: sig-alternate 2013/05/12 v2.7 based on acmproc.cls V1.3 <Nov. 3
0 '99>
(D:\software\MikTex1\tex\latex\base\latexsym.sty
Package: latexsym 1998/08/17 v2.2e Standard LaTeX package (lasy symbols)
\symlasy=\mathgroup6
LaTeX Font Info:    Overwriting symbol font `lasy' in version `bold'
(Font)                  U/lasy/m/n --> U/lasy/b/n on input line 52.
)
Requested font "cmr9" at 9.0pt
\@acmtitlebox=\box28
\titlenotecount=\count102
\tntoks=\toks24
\tntokstwo=\toks25
\tntoksthree=\toks26
\tntoksfour=\toks27
\tntoksfive=\toks28
\catcount=\count103
\copyrightnotice=\toks29
\conf=\toks30
\confinfo=\toks31
\c@part=\count104
\c@section=\count105
\c@subsection=\count106
\c@subsubsection=\count107
\c@paragraph=\count108

Using 'Abbrev' bibliography style
LaTeX Info: Redefining \cite on input line 1408.
\bibindent=\dimen122
\colcntr=\count109
\saveb@x=\box29
\copyrtyr=\toks32
\acmcopyr=\toks33
\boilerplate=\toks34
(D:\software\MikTex1\tex\latex\url\url.sty
\Urlmuskip=\muskip11
Package: url 2013/09/16  ver 3.4  Verb mode for urls, etc.
) (acmcopyright.sty
Package: acmcopyright 2014/06/29 v1.2 Copyright statemens for ACM classes

(D:\software\MikTex1\tex\latex\xkeyval\xkeyval.sty
Package: xkeyval 2014/12/03 v2.7a package option processing (HA)

(D:\software\MikTex1\tex\generic\xkeyval\xkeyval.tex
(D:\software\MikTex1\tex\generic\xkeyval\xkvutils.tex
\XKV@toks=\toks35
\XKV@tempa@toks=\toks36
)
\XKV@depth=\count110
File: xkeyval.tex 2014/12/03 v2.7a key=value parser (HA)
)))
\copyrightetc=\toks37

(D:\software\MikTex1\tex\latex\base\fontenc.sty
Package: fontenc 2005/09/27 v1.99g Standard LaTeX package

(D:\software\MikTex1\tex\latex\base\t1enc.def
File: t1enc.def 2005/09/27 v1.99g Standard LaTeX file
LaTeX Font Info:    Redeclaring font encoding T1 on input line 48.
)
LaTeX Font Info:    Try loading font information for T1+aer on input line 105.

(D:\software\MikTex1\tex\latex\ae\t1aer.fd
File: t1aer.fd 1997/11/16 Font definitions for T1/aer.
)
Requested font "aer9" at 9.0pt
))
(D:\software\MikTex1\tex\latex\graphics\color.sty
Package: color 2014/10/28 v1.1a Standard LaTeX Color (DPC)

(D:\software\MikTex1\tex\latex\00miktex\color.cfg
File: color.cfg 2007/01/18 v1.5 color configuration of teTeX/TeXLive
)
Package color Info: Driver file: xetex.def on input line 142.
)
(D:\software\MikTex1\tex\latex\booktabs\booktabs.sty
Package: booktabs 2005/04/14 v1.61803 publication quality tables
\heavyrulewidth=\dimen123
\lightrulewidth=\dimen124
\cmidrulewidth=\dimen125
\belowrulesep=\dimen126
\belowbottomsep=\dimen127
\aboverulesep=\dimen128
\abovetopsep=\dimen129
\cmidrulesep=\dimen130
\cmidrulekern=\dimen131
\defaultaddspace=\dimen132
\@cmidla=\count111
\@cmidlb=\count112
\@aboverulesep=\dimen133
\@belowrulesep=\dimen134
\@thisruleclass=\count113
\@lastruleclass=\count114
\@thisrulewidth=\dimen135
)
(D:\software\MikTex1\tex\latex\tools\tabularx.sty
Package: tabularx 2014/10/28 v2.10 `tabularx' package (DPC)

(D:\software\MikTex1\tex\latex\tools\array.sty
Package: array 2014/10/28 v2.4c Tabular extension package (FMi)
\col@sep=\dimen136
\extrarowheight=\dimen137
\NC@list=\toks38
\extratabsurround=\skip44
\backup@length=\skip45
)
\TX@col@width=\dimen138
\TX@old@table=\dimen139
\TX@old@col=\dimen140
\TX@target=\dimen141
\TX@delta=\dimen142
\TX@cols=\count115
\TX@ftn=\toks39
) (sig-alternate-sample.aux

LaTeX Warning: Label `' multiply defined.


LaTeX Warning: Label `' multiply defined.


LaTeX Warning: Label `' multiply defined.


LaTeX Warning: Label `tab:test' multiply defined.


LaTeX Warning: Label `' multiply defined.

)
LaTeX Font Info:    Checking defaults for OML/cmm/m/it on input line 56.
LaTeX Font Info:    ... okay on input line 56.
LaTeX Font Info:    Checking defaults for T1/cmr/m/n on input line 56.
LaTeX Font Info:    ... okay on input line 56.
LaTeX Font Info:    Checking defaults for OT1/cmr/m/n on input line 56.
LaTeX Font Info:    ... okay on input line 56.
LaTeX Font Info:    Checking defaults for OMS/cmsy/m/n on input line 56.
LaTeX Font Info:    ... okay on input line 56.
LaTeX Font Info:    Checking defaults for OMX/cmex/m/n on input line 56.
LaTeX Font Info:    ... okay on input line 56.
LaTeX Font Info:    Checking defaults for U/cmr/m/n on input line 56.
LaTeX Font Info:    ... okay on input line 56.
Requested font "cmr6" at 6.0pt
Requested font "cmmi9" at 9.0pt
Requested font "cmmi6" at 6.0pt
Requested font "cmsy9" at 9.0pt
Requested font "cmsy6" at 6.0pt
Requested font "cmex9" at 9.0pt
Requested font "cmex7" at 6.0pt
Requested font "cmex7" at 5.0pt
LaTeX Font Info:    Try loading font information for U+msa on input line 180.
 (D:\software\MikTex1\tex\latex\amsfonts\umsa.fd
File: umsa.fd 2013/01/14 v3.01 AMS symbols A
)
Requested font "msam10" at 9.0pt
Requested font "msam7" at 6.0pt
Requested font "msam5" at 5.0pt
LaTeX Font Info:    Try loading font information for U+msb on input line 180.

(D:\software\MikTex1\tex\latex\amsfonts\umsb.fd
File: umsb.fd 2013/01/14 v3.01 AMS symbols B
)
Requested font "msbm10" at 9.0pt
Requested font "msbm7" at 6.0pt
Requested font "msbm5" at 5.0pt
LaTeX Font Info:    Try loading font information for U+lasy on input line 180.

(D:\software\MikTex1\tex\latex\base\ulasy.fd
File: ulasy.fd 1998/08/17 v2.2e LaTeX symbol font definitions
)
Requested font "lasy9" at 9.0pt
Requested font "lasy6" at 6.0pt
Requested font "lasy5" at 5.0pt

Overfull \hbox (5.56258pt too wide) in paragraph at lines 180--180
 []\eaddfnt guochenkai88@gmail.com| 
 []


Overfull \hbox (6.90642pt too wide) in paragraph at lines 180--180
 []\eaddfnt baiguangdong@gmail.com| 
 []

LaTeX Font Info:    Try loading font information for T1+ptm on input line 180.
(D:\software\MikTex1\tex\latex\psnfss\t1ptm.fd
File: t1ptm.fd 2001/06/04 font definitions for T1/ptm.
)
Requested font "ptmr8t" at 7.0pt
LaTeX Font Info:    Try loading font information for OMS+ptm on input line 180.


(D:\software\MikTex1\tex\latex\psnfss\omsptm.fd
File: omsptm.fd 
)
LaTeX Font Info:    Font shape `OMS/ptm/m/n' in size <7> not available
(Font)              Font shape `OMS/cmsy/m/n' tried instead on input line 180.
Requested font "aer8" at 8.0pt
Requested font "cmr8" at 8.0pt
Requested font "cmmi8" at 8.0pt
Requested font "cmsy8" at 8.0pt
Requested font "cmex8" at 8.0pt
Requested font "msam10" at 8.0pt
Requested font "msbm10" at 8.0pt
Requested font "lasy8" at 8.0pt
 Excluding 'CCSXML' comment.
LaTeX Font Info:    Try loading font information for OMS+aer on input line 257.


(D:\software\MikTex1\tex\latex\ae\omsaer.fd
File: omsaer.fd 1999/12/27
)
LaTeX Font Info:    Font shape `OMS/aer/m/n' in size <9> not available
(Font)              Font shape `OMS/cmsy/m/n' tried instead on input line 257.
Requested font "aebx9" at 9.0pt
Requested font "aeti9" at 9.0pt

Overfull \hbox (4.91916pt too wide) in paragraph at lines 267--268
[]\T1/aer/m/n/9 Callback mech-a-nism is orig-i-nated from PC pro-grams, which
 []

[1


]
Underfull \vbox (badness 10000) has occurred while \output is active []


Overfull \hbox (15.44197pt too wide) in paragraph at lines 299--300
[]\T1/aer/m/n/9 The trigger-events orig-i-nated by dif-fer-ent sources are equi
pped
 []

[2]
Overfull \hbox (1.59998pt too wide) in paragraph at lines 301--302
\T1/aer/m/n/9 it re-sides. We call the event that can trig-ger life-cycle metho
d
 []


Overfull \hbox (23.71266pt too wide) in paragraph at lines 325--325
[]|\T1/aer/m/n/9 onCreate/onStart(launching
 []


Underfull \hbox (badness 10000) in paragraph at lines 325--325
\T1/aer/m/n/9 ac-tiv-ity); stat-i-cal
 []


Overfull \hbox (49.1747pt too wide) in paragraph at lines 325--325
[]|\T1/aer/m/n/9 Intent.ACTION_BATTERY_LOW| 
 []


Overfull \hbox (69.96431pt too wide) in paragraph at lines 325--325
[]|\T1/aer/m/n/9 Intent.ACTION_BOOT_COMPLETED| 
 []


Overfull \hbox (48.1486pt too wide) in paragraph at lines 325--325
[]|\T1/aer/m/n/9 RECEIVE_BOOT_COMPLETED| 
 []


Underfull \vbox (badness 1558) has occurred while \output is active []


Overfull \hbox (8.69182pt too wide) in paragraph at lines 337--338
[]\T1/aer/m/n/9 Service life-cycle con-sists of five call-back func-tions(onCre
ate,
 []


Underfull \vbox (badness 10000) has occurred while \output is active []

 [3]
File: pic1.png Graphic file (type QTm)

<use  "pic1.png" >
Overfull \hbox (1.75157pt too wide) in paragraph at lines 377--378
[]\T1/aer/m/n/9 In ad-di-tion, statically-registered Broad-cas-tRe-ceiver al-wa
ys
 []


Overfull \hbox (12.6949pt too wide) in paragraph at lines 377--378
\T1/aer/m/n/9 in the re-ceiv-ing state when the app is run-ning, so its compone
nt-
 []


Overfull \hbox (3.75806pt too wide) in paragraph at lines 377--378
\T1/aer/m/n/9 state is also easy to en-sure. On the other side, the component-
 []


Overfull \hbox (2.84232pt too wide) in paragraph at lines 377--378
\T1/aer/m/n/9 state of dynamically-registered Broad-cas-tRe-ceiver fol-lows the

 []


Underfull \vbox (badness 10000) has occurred while \output is active []

 [4]
Overfull \hbox (25.60425pt too wide) in paragraph at lines 386--388
\T1/aer/m/n/9 ting a sys-tem alert Di-a-log with the "SYS-TEM_ALERT_WINDOW"
 []


Underfull \vbox (badness 10000) has occurred while \output is active []


Underfull \vbox (badness 10000) has occurred while \output is active []

 [5]
File: control-flow.png Graphic file (type QTm)

<use  "control-flow.png" >
File: principle0.png Graphic file (type QTm)
 <use  "principle0.png" >
File: principle.png Graphic file (type QTm)
 <use  "principle.png" >
Underfull \hbox (badness 10000) in paragraph at lines 472--472
[]|\T1/aer/m/n/9 1.Activity run-ning
 []


Underfull \hbox (badness 10000) in paragraph at lines 472--472
[]|\T1/aer/m/n/9 1.Broadcast from
 []


Underfull \hbox (badness 10000) in paragraph at lines 472--472
\T1/aer/m/n/9 sys-tem: {In-
 []


Overfull \hbox (20.38376pt too wide) in paragraph at lines 472--472
\T1/aer/m/n/9 tent.ACTION_BATTERY_LOW}| 
 []


Underfull \hbox (badness 5417) in paragraph at lines 472--472
[]|\T1/aer/m/n/9 3.ServiceManager(need not
 []

File: code1.png Graphic file (type QTm)
<use  "code1.png" > [6]
Underfull \vbox (badness 10000) has occurred while \output is active []

 [7]
Underfull \vbox (badness 1558) has occurred while \output is active []


Overfull \hbox (37.39082pt too wide) in paragraph at lines 569--570
\T1/aer/m/n/9 app acts as a pub-lic event, so that the in-tent sender("com.tenc
ent.mm"
 []


Underfull \vbox (badness 1558) has occurred while \output is active []

 [8]
Overfull \hbox (3.78488pt too wide) in paragraph at lines 588--589
[]\T1/aer/m/n/9 Then, the CS-Droid would rec-og-nize the PEC vec-tors within
 []


Underfull \vbox (badness 1558) has occurred while \output is active []

 [9]
Overfull \hbox (7.41432pt too wide) in paragraph at lines 624--626
[]\T1/aer/m/n/9 Android Event-driven Anal-y-sis Based on event-driven mech-
 []


Overfull \hbox (23.00156pt too wide) in paragraph at lines 627--632
\T1/aer/m/n/9 cussed in [33][5][1][26][17][34][24]. Again,in the work of [29][3
8][28],
 []


Overfull \hbox (5.26138pt too wide) in paragraph at lines 633--638
\T1/aer/m/n/9 cern-ing on An-droid sys-tem, pri-vacy data leak-age in-curs wide
ly
 []

(sig-alternate-sample.bbl [10]
Underfull \vbox (badness 10000) has occurred while \output is active []


Underfull \vbox (badness 10000) has occurred while \output is active []

 [11]
Underfull \vbox (badness 10000) has occurred while \output is active []

) [12]
(sig-alternate-sample.aux)

LaTeX Warning: There were multiply-defined labels.

 ) 
Here is how much of TeX's memory you used:
 2725 strings out of 428755
 30678 string characters out of 3165588
 103989 words of memory out of 3000000
 5993 multiletter control sequences out of 15000+200000
 44606 words of font info for 60 fonts, out of 3000000 for 9000
 1096 hyphenation exceptions out of 8191
 41i,11n,34p,1627b,476s stack positions out of 5000i,500n,10000p,200000b,50000s

Output written on sig-alternate-sample.pdf (12 pages).
